<?xml version="1.0" encoding="UTF-8"?>
<!-- Generated by org.testng.reporters.JUnitXMLReporter -->
<testsuite ignored="3" hostname="RAJU" failures="0" tests="2" name="Test" time="0.084" errors="0" timestamp="2024-09-26T17:15:41 IST">
  <testcase classname="task.Test2" name="test" time="0.009"/>
  <testcase classname="task.Test1" name="test1" time="0.002"/>
  <testcase classname="task.BaseClass" name="@BeforeSuite BS1" time="0.0">
    <ignored/>
  </testcase> <!-- @BeforeSuite BS1 -->
  <testcase classname="task.BaseClass" name="@BeforeSuite BS" time="0.0">
    <ignored/>
  </testcase> <!-- @BeforeSuite BS -->
  <testcase classname="task.BaseClass" name="@AfterSuite AS" time="0.0">
    <ignored/>
  </testcase> <!-- @AfterSuite AS -->
</testsuite> <!-- Test -->
