<?xml version="1.0" encoding="UTF-8"?>
<testng-results ignored="0" total="1" passed="1" failed="0" skipped="0">
  <reporter-output>
  </reporter-output>
  <suite started-at="2024-09-29T16:08:10 IST" name="Default suite" finished-at="2024-09-29T16:08:37 IST" duration-ms="27201">
    <groups>
    </groups>
    <test started-at="2024-09-29T16:08:10 IST" name="Default test" finished-at="2024-09-29T16:08:37 IST" duration-ms="27201">
      <class name="task.ProKabaddi">
        <test-method signature="rankingOfOdi()[pri:0, instance:task.ProKabaddi@35d019a3]" started-at="2024-09-29T16:08:10 IST" name="rankingOfOdi" finished-at="2024-09-29T16:08:37 IST" duration-ms="27147" status="PASS">
          <reporter-output>
          </reporter-output>
        </test-method> <!-- rankingOfOdi -->
      </class> <!-- task.ProKabaddi -->
    </test> <!-- Default test -->
  </suite> <!-- Default suite -->
</testng-results>
